<?xml version="1.0" encoding="UTF-8"?>
<testsuite name="com.tahir.hierarchy.HierarchyValidationTests" tests="4" skipped="0" failures="0" errors="0" timestamp="2022-01-31T10:22:16" hostname="MUCN0807" time="0.006">
  <properties/>
  <testcase name="test validate for CycleError()" classname="com.tahir.hierarchy.HierarchyValidationTests" time="0.004"/>
  <testcase name="test success and failure case of IsStringOnlyAlphabet()" classname="com.tahir.hierarchy.HierarchyValidationTests" time="0.001"/>
  <testcase name="test validate for EmptyHierarchyError()" classname="com.tahir.hierarchy.HierarchyValidationTests" time="0.001"/>
  <testcase name="test validate for TwoBossError()" classname="com.tahir.hierarchy.HierarchyValidationTests" time="0.0"/>
  <system-out><![CDATA[]]></system-out>
  <system-err><![CDATA[]]></system-err>
</testsuite>
