<?xml version="1.0" encoding="UTF-8"?>
<testsuite name="com.tahir.hierarchy.EmployeeTests" tests="1" skipped="0" failures="0" errors="0" timestamp="2022-01-31T10:22:11" hostname="MUCN0807" time="0.0">
  <properties/>
  <testcase name="PBT test for manage function()" classname="com.tahir.hierarchy.EmployeeTests" time="0.0"/>
  <system-out><![CDATA[]]></system-out>
  <system-err><![CDATA[]]></system-err>
</testsuite>
