<?xml version="1.0" encoding="UTF-8"?>
<testsuite name="com.tahir.hierarchy.EmployeeServiceTests" tests="4" skipped="0" failures="0" errors="0" timestamp="2022-01-31T10:22:10" hostname="MUCN0807" time="0.638">
  <properties/>
  <testcase name="test_buildListOfEmployee()" classname="com.tahir.hierarchy.EmployeeServiceTests" time="0.023"/>
  <testcase name="whenSearchingToFindSupervisor_thenReturnSupervisor()" classname="com.tahir.hierarchy.EmployeeServiceTests" time="0.595"/>
  <testcase name="whenSavingHierarchy_thenReturnListOfSavedEmployees()" classname="com.tahir.hierarchy.EmployeeServiceTests" time="0.013"/>
  <testcase name="whenGettingCurrentStructuredHierarchy_thenReturnStructuredHierarchyOfCompany()" classname="com.tahir.hierarchy.EmployeeServiceTests" time="0.003"/>
  <system-out><![CDATA[11:22:10.152 [Test worker] DEBUG io.mockk.impl.instantiation.AbstractMockFactory - Creating mockk for EmployeeService name=#1
11:22:10.557 [Test worker] DEBUG io.mockk.impl.instantiation.AbstractMockFactory - Creating mockk for EmployeeService name=#2
11:22:11.144 [Test worker] DEBUG io.mockk.impl.recording.states.AnsweringState - Answering {"Pellumb": { }} on EmployeeService(#2).findSupervisor(Tahir)
11:22:11.153 [Test worker] DEBUG io.mockk.impl.instantiation.AbstractMockFactory - Creating mockk for EmployeeService name=#3
11:22:11.165 [Test worker] DEBUG io.mockk.impl.recording.states.AnsweringState - Answering {
  "Jonas" : {
    "Sophie" : {
      "Nicku" : {
        "Pete" : { }
        "Barbara" : { }
       },
    },
  }
} on EmployeeService(#3).save({Peter=Nicku, Barbara=Nicku, Nicku=Sophie, Sophie=Jonas})
11:22:11.167 [Test worker] DEBUG io.mockk.impl.instantiation.AbstractMockFactory - Creating mockk for EmployeeService name=#4
11:22:11.170 [Test worker] DEBUG io.mockk.impl.recording.states.AnsweringState - Answering {
  "Jonas" : {
    "Sophie" : {
      "Nicku" : {
        "Pete" : { }
        "Barbara" : { }
       },
    },
  }
} on EmployeeService(#4).structuredHierarchy()
]]></system-out>
  <system-err><![CDATA[]]></system-err>
</testsuite>
