<?xml version="1.0" encoding="UTF-8"?>
<testsuite name="com.tahir.hierarchy.TreeNodeTests" tests="1" skipped="0" failures="0" errors="0" timestamp="2022-01-31T10:22:16" hostname="MUCN0807" time="0.001">
  <properties/>
  <testcase name="testJson()" classname="com.tahir.hierarchy.TreeNodeTests" time="0.001"/>
  <system-out><![CDATA[]]></system-out>
  <system-err><![CDATA[]]></system-err>
</testsuite>
